<?xml version="1.0" encoding="UTF-8"?>
<!-- Generated by org.testng.reporters.JUnitXMLReporter -->
<testsuite ignored="1" hostname="DESKTOP-C8V86VK" failures="0" tests="1" name="Default test" time="0.083" errors="0" timestamp="2021-08-05T14:33:02 IST">
  <testcase classname="mavenTutorial.MavenDemo.SeleniumTest" name="BrowserAUTomation" time="0.015"/>
  <testcase classname="mavenTutorial.MavenDemo.SeleniumTest" name="elementUI" time="0.0">
    <ignored/>
  </testcase> <!-- elementUI -->
</testsuite> <!-- Default test -->
