<?xml version="1.0" encoding="UTF-8"?>
<!-- Generated by org.testng.reporters.JUnitXMLReporter -->
<testsuite hostname="LAPTOP-SL3BVS63" failures="0" tests="4" name="Test" time="0.048" errors="0" timestamp="29 Aug 2021 02:47:41 GMT">
  <testcase classname="mavenTutorial.MavenDemo.AppiumTest" name="MobileApp" time="0.012"/>
  <testcase classname="mavenTutorial.MavenDemo.AppiumTest" name="Nativeapp" time="0.001"/>
  <testcase classname="mavenTutorial.MavenDemo.RESTAPITest" name="deletTwitter" time="0.002"/>
  <testcase classname="mavenTutorial.MavenDemo.RESTAPITest" name="postJira" time="0.001"/>
</testsuite> <!-- Test -->
