<?xml version="1.0" encoding="UTF-8"?>
<!-- Generated by org.testng.reporters.JUnitXMLReporter -->
<testsuite hostname="DESKTOP-C8V86VK" failures="0" tests="4" name="Test" time="0.077" errors="0" timestamp="17 Aug 2021 09:08:18 GMT">
  <testcase classname="mavenTutorial.MavenDemo.AppiumTest" name="MobileApp" time="0.027"/>
  <testcase classname="mavenTutorial.MavenDemo.AppiumTest" name="Nativeapp" time="0.003"/>
  <testcase classname="mavenTutorial.MavenDemo.RESTAPITest" name="deletTwitter" time="0.002"/>
  <testcase classname="mavenTutorial.MavenDemo.RESTAPITest" name="postJira" time="0.001"/>
</testsuite> <!-- Test -->
