<?xml version="1.0" encoding="UTF-8"?>
<testng-results total="4" passed="4" failed="0" skipped="0">
  <reporter-output>
  </reporter-output>
  <suite started-at="2021-08-17T09:08:18Z" name="Suite" finished-at="2021-08-17T09:08:18Z" duration-ms="77">
    <groups>
    </groups>
    <test started-at="2021-08-17T09:08:18Z" name="Test" finished-at="2021-08-17T09:08:18Z" duration-ms="77">
      <class name="mavenTutorial.MavenDemo.RESTAPITest">
        <test-method signature="deletTwitter()[pri:0, instance:mavenTutorial.MavenDemo.RESTAPITest@27adc16e]" started-at="2021-08-17T14:38:18Z" name="deletTwitter" finished-at="2021-08-17T14:38:18Z" duration-ms="2" status="PASS">
          <reporter-output>
          </reporter-output>
        </test-method> <!-- deletTwitter -->
        <test-method signature="postJira()[pri:0, instance:mavenTutorial.MavenDemo.RESTAPITest@27adc16e]" started-at="2021-08-17T14:38:18Z" name="postJira" finished-at="2021-08-17T14:38:18Z" duration-ms="1" status="PASS">
          <reporter-output>
          </reporter-output>
        </test-method> <!-- postJira -->
      </class> <!-- mavenTutorial.MavenDemo.RESTAPITest -->
      <class name="mavenTutorial.MavenDemo.AppiumTest">
        <test-method signature="MobileApp()[pri:0, instance:mavenTutorial.MavenDemo.AppiumTest@67b9b51a]" started-at="2021-08-17T14:38:18Z" name="MobileApp" finished-at="2021-08-17T14:38:18Z" duration-ms="27" status="PASS">
          <reporter-output>
          </reporter-output>
        </test-method> <!-- MobileApp -->
        <test-method signature="Nativeapp()[pri:0, instance:mavenTutorial.MavenDemo.AppiumTest@67b9b51a]" started-at="2021-08-17T14:38:18Z" name="Nativeapp" finished-at="2021-08-17T14:38:18Z" duration-ms="3" status="PASS">
          <reporter-output>
          </reporter-output>
        </test-method> <!-- Nativeapp -->
      </class> <!-- mavenTutorial.MavenDemo.AppiumTest -->
    </test> <!-- Test -->
  </suite> <!-- Suite -->
</testng-results>
